<?xml version="1.0" encoding="UTF-8"?>
<!-- Generated by org.testng.reporters.JUnitXMLReporter -->
<testsuite ignored="0" hostname="DESKTOP-HT32ADA" failures="0" tests="3" name="Default test" time="15.293" errors="0" timestamp="06 Nov 2023 05:17:22 GMT">
  <testcase classname="com.qa.opencart.tests.LoginPageTest" name="doLoginTest" time="3.126"/>
  <testcase classname="com.qa.opencart.tests.LoginPageTest" name="loginPageTitleTest" time="0.015"/>
  <testcase classname="com.qa.opencart.tests.LoginPageTest" name="loginPageUrlTest" time="0.01"/>
</testsuite> <!-- Default test -->
