<?xml version="1.0" encoding="UTF-8"?>
<!-- Generated by org.testng.reporters.JUnitXMLReporter -->
<testsuite ignored="0" hostname="DESKTOP-HT32ADA" failures="0" tests="3" name="Default test" time="9.912" errors="0" timestamp="01 Nov 2023 07:55:31 GMT">
  <testcase classname="testNgConcepts.TC06_loginNegativeTest" name="loginTest" time="2.439"/>
  <testcase classname="testNgConcepts.TC06_loginNegativeTest" name="loginTest" time="2.247"/>
  <testcase classname="testNgConcepts.TC06_loginNegativeTest" name="loginTest" time="2.271"/>
</testsuite> <!-- Default test -->
