<?xml version="1.0" encoding="UTF-8"?>
<testng-results ignored="0" total="3" passed="3" failed="0" skipped="0">
  <reporter-output>
  </reporter-output>
  <suite started-at="2023-11-05T15:58:29Z" name="Default suite" finished-at="2023-11-05T15:58:42Z" duration-ms="12985">
    <groups>
    </groups>
    <test started-at="2023-11-05T15:58:29Z" name="Default test" finished-at="2023-11-05T15:58:42Z" duration-ms="12985">
      <class name="com.qa.opencart.tests.LoginPageTest">
        <test-method is-config="true" signature="setUp()[pri:0, instance:com.qa.opencart.tests.LoginPageTest@58ce9668]" started-at="2023-11-05T15:58:29Z" name="setUp" finished-at="2023-11-05T15:58:38Z" duration-ms="9527" status="PASS">
          <reporter-output>
          </reporter-output>
        </test-method> <!-- setUp -->
        <test-method signature="doLoginTest()[pri:0, instance:com.qa.opencart.tests.LoginPageTest@58ce9668]" started-at="2023-11-05T15:58:38Z" name="doLoginTest" finished-at="2023-11-05T15:58:42Z" duration-ms="3260" status="PASS">
          <reporter-output>
          </reporter-output>
        </test-method> <!-- doLoginTest -->
        <test-method signature="loginPageTitleTest()[pri:0, instance:com.qa.opencart.tests.LoginPageTest@58ce9668]" started-at="2023-11-05T15:58:42Z" name="loginPageTitleTest" finished-at="2023-11-05T15:58:42Z" duration-ms="6" status="PASS">
          <reporter-output>
          </reporter-output>
        </test-method> <!-- loginPageTitleTest -->
        <test-method signature="loginPageUrlTest()[pri:0, instance:com.qa.opencart.tests.LoginPageTest@58ce9668]" started-at="2023-11-05T15:58:42Z" name="loginPageUrlTest" finished-at="2023-11-05T15:58:42Z" duration-ms="16" status="PASS">
          <reporter-output>
          </reporter-output>
        </test-method> <!-- loginPageUrlTest -->
        <test-method is-config="true" signature="tearDown()[pri:0, instance:com.qa.opencart.tests.LoginPageTest@58ce9668]" started-at="2023-11-05T15:58:42Z" name="tearDown" finished-at="2023-11-05T15:58:42Z" duration-ms="144" status="PASS">
          <reporter-output>
          </reporter-output>
        </test-method> <!-- tearDown -->
      </class> <!-- com.qa.opencart.tests.LoginPageTest -->
    </test> <!-- Default test -->
  </suite> <!-- Default suite -->
</testng-results>
