<?xml version="1.0" encoding="UTF-8"?>
<testng-results ignored="0" total="3" passed="3" failed="0" skipped="0">
  <reporter-output>
  </reporter-output>
  <suite started-at="2023-11-06T05:17:07Z" name="Default suite" finished-at="2023-11-06T05:17:22Z" duration-ms="15293">
    <groups>
    </groups>
    <test started-at="2023-11-06T05:17:07Z" name="Default test" finished-at="2023-11-06T05:17:22Z" duration-ms="15293">
      <class name="com.qa.opencart.tests.LoginPageTest">
        <test-method is-config="true" signature="setUp()[pri:0, instance:com.qa.opencart.tests.LoginPageTest@6af9fcb2]" started-at="2023-11-06T05:17:07Z" name="setUp" finished-at="2023-11-06T05:17:19Z" duration-ms="11925" status="PASS">
          <reporter-output>
          </reporter-output>
        </test-method> <!-- setUp -->
        <test-method signature="doLoginTest()[pri:0, instance:com.qa.opencart.tests.LoginPageTest@6af9fcb2]" started-at="2023-11-06T05:17:19Z" name="doLoginTest" finished-at="2023-11-06T05:17:22Z" duration-ms="3126" status="PASS">
          <reporter-output>
          </reporter-output>
        </test-method> <!-- doLoginTest -->
        <test-method signature="loginPageTitleTest()[pri:0, instance:com.qa.opencart.tests.LoginPageTest@6af9fcb2]" started-at="2023-11-06T05:17:22Z" name="loginPageTitleTest" finished-at="2023-11-06T05:17:22Z" duration-ms="15" status="PASS">
          <reporter-output>
          </reporter-output>
        </test-method> <!-- loginPageTitleTest -->
        <test-method signature="loginPageUrlTest()[pri:0, instance:com.qa.opencart.tests.LoginPageTest@6af9fcb2]" started-at="2023-11-06T05:17:22Z" name="loginPageUrlTest" finished-at="2023-11-06T05:17:22Z" duration-ms="10" status="PASS">
          <reporter-output>
          </reporter-output>
        </test-method> <!-- loginPageUrlTest -->
        <test-method is-config="true" signature="tearDown()[pri:0, instance:com.qa.opencart.tests.LoginPageTest@6af9fcb2]" started-at="2023-11-06T05:17:22Z" name="tearDown" finished-at="2023-11-06T05:17:22Z" duration-ms="190" status="PASS">
          <reporter-output>
          </reporter-output>
        </test-method> <!-- tearDown -->
      </class> <!-- com.qa.opencart.tests.LoginPageTest -->
    </test> <!-- Default test -->
  </suite> <!-- Default suite -->
</testng-results>
